[debug] [2025-03-01T14:54:28.251Z] ----------------------------------------------------------------------
[debug] [2025-03-01T14:54:28.254Z] Command:       C:\Program Files\nodejs\node.exe C:\Users\szala\AppData\Roaming\npm\node_modules\firebase-tools\lib\bin\firebase.js projects:list
[debug] [2025-03-01T14:54:28.255Z] CLI Version:   13.13.3
[debug] [2025-03-01T14:54:28.255Z] Platform:      win32
[debug] [2025-03-01T14:54:28.255Z] Node Version:  v20.9.0
[debug] [2025-03-01T14:54:28.255Z] Time:          Sat Mar 01 2025 15:54:28 GMT+0100 (közép-európai téli idő)
[debug] [2025-03-01T14:54:28.255Z] ----------------------------------------------------------------------
[debug] 
[debug] [2025-03-01T14:54:28.259Z] >>> [apiv2][query] GET https://firebase-public.firebaseio.com/cli.json [none]
[debug] [2025-03-01T14:54:28.299Z] > command requires scopes: ["email","openid","https://www.googleapis.com/auth/cloudplatformprojects.readonly","https://www.googleapis.com/auth/firebase","https://www.googleapis.com/auth/cloud-platform"]
[debug] [2025-03-01T14:54:28.300Z] > authorizing via signed-in user (fullstack.team02@gmail.com)
[debug] [2025-03-01T14:54:28.303Z] > refreshing access token with scopes: []
[debug] [2025-03-01T14:54:28.304Z] >>> [apiv2][query] POST https://www.googleapis.com/oauth2/v3/token [none]
[debug] [2025-03-01T14:54:28.304Z] >>> [apiv2][body] POST https://www.googleapis.com/oauth2/v3/token [omitted]
[debug] [2025-03-01T14:54:28.644Z] <<< [apiv2][status] POST https://www.googleapis.com/oauth2/v3/token 400
[debug] [2025-03-01T14:54:28.644Z] <<< [apiv2][body] POST https://www.googleapis.com/oauth2/v3/token [omitted]
[debug] [2025-03-01T14:54:28.645Z] >>> [apiv2][query] GET https://firebase.googleapis.com/v1beta1/projects pageSize=1000
[debug] [2025-03-01T14:54:28.862Z] <<< [apiv2][status] GET https://firebase-public.firebaseio.com/cli.json 200
[debug] [2025-03-01T14:54:28.862Z] <<< [apiv2][body] GET https://firebase-public.firebaseio.com/cli.json {"cloudBuildErrorAfter":1594252800000,"cloudBuildWarnAfter":1590019200000,"defaultNode10After":1594252800000,"minVersion":"3.0.5","node8DeploysDisabledAfter":1613390400000,"node8RuntimeDisabledAfter":1615809600000,"node8WarnAfter":1600128000000}
[debug] [2025-03-01T14:54:28.986Z] <<< [apiv2][status] GET https://firebase.googleapis.com/v1beta1/projects 401
[debug] [2025-03-01T14:54:28.987Z] <<< [apiv2][body] GET https://firebase.googleapis.com/v1beta1/projects [omitted]
[debug] [2025-03-01T14:54:28.987Z] HTTP Error: 401, Request had invalid authentication credentials. Expected OAuth 2 access token, login cookie or other valid authentication credential. See https://developers.google.com/identity/sign-in/web/devconsole-project.
[debug] [2025-03-01T14:54:28.992Z] FirebaseError: HTTP Error: 401, Request had invalid authentication credentials. Expected OAuth 2 access token, login cookie or other valid authentication credential. See https://developers.google.com/identity/sign-in/web/devconsole-project.
    at responseToError (C:\Users\szala\AppData\Roaming\npm\node_modules\firebase-tools\lib\responseToError.js:49:12)
    at RetryOperation._fn (C:\Users\szala\AppData\Roaming\npm\node_modules\firebase-tools\lib\apiv2.js:305:77)
    at process.processTicksAndRejections (node:internal/process/task_queues:95:5)
[error] 
[error] Error: Failed to list Firebase projects. See firebase-debug.log for more info.
